<?xml version="1.0" encoding="UTF-8"?>
<!-- Generated by org.testng.reporters.JUnitXMLReporter -->
<testsuite hostname="PRO-IND-500" name="ASQA Sample Test" tests="1" failures="0" timestamp="3 Sep 2016 08:43:27 GMT" time="0.015" errors="0">
  <testcase name="@BeforeClass oneTimeSetup" time="0.0" classname="com.pricingtestcasessprint01.CustomerCreation01">
    <failure type="org.testng.TestNGException" message="
Parameter &amp;apos;prjName&amp;apos; is required by @Configuration on method oneTimeSetup but has not been marked @Optional or defined
">
      <![CDATA[org.testng.TestNGException: 
Parameter 'prjName' is required by @Configuration on method oneTimeSetup but has not been marked @Optional or defined

	at com.pricingcommon.BatchExecution.main(BatchExecution.java:51)
... Removed 18 stack frames]]>
    </failure>
  </testcase> <!-- @BeforeClass oneTimeSetup -->
  <testcase name="@AfterClass oneTearDown" time="0.0" classname="com.pricingtestcasessprint01.CustomerCreation01">
    <skipped/>
  </testcase> <!-- @AfterClass oneTearDown -->
  <testcase name="customerCreation" time="0.0" classname="com.pricingtestcasessprint01.CustomerCreation01">
    <skipped/>
  </testcase> <!-- customerCreation -->
</testsuite> <!-- ASQA Sample Test -->
